<?xml version="1.0" encoding="UTF-8"?>
<testng-results skipped="0" failed="0" total="4" passed="4">
  <reporter-output>
  </reporter-output>
  <suite name="Default suite" duration-ms="37444" started-at="2014-01-09T09:36:59Z" finished-at="2014-01-09T09:37:37Z">
    <groups>
    </groups>
    <test name="Default test" duration-ms="37444" started-at="2014-01-09T09:36:59Z" finished-at="2014-01-09T09:37:37Z">
      <class name="com.example.tests.GroupCreationTests">
        <test-method status="PASS" signature="setUp()[pri:0, instance:com.example.tests.GroupCreationTests@4f9b8989]" name="setUp" is-config="true" duration-ms="12655" started-at="2014-01-09T13:36:59Z" finished-at="2014-01-09T13:37:12Z">
          <reporter-output>
          </reporter-output>
        </test-method> <!-- setUp -->
        <test-method status="PASS" signature="testEmptyGroupCreation()[pri:0, instance:com.example.tests.GroupCreationTests@4f9b8989]" name="testEmptyGroupCreation" duration-ms="6483" started-at="2014-01-09T13:37:23Z" finished-at="2014-01-09T13:37:30Z">
          <reporter-output>
          </reporter-output>
        </test-method> <!-- testEmptyGroupCreation -->
        <test-method status="PASS" signature="testNonEmptyGroupCreation()[pri:0, instance:com.example.tests.GroupCreationTests@4f9b8989]" name="testNonEmptyGroupCreation" duration-ms="6698" started-at="2014-01-09T13:37:30Z" finished-at="2014-01-09T13:37:37Z">
          <reporter-output>
          </reporter-output>
        </test-method> <!-- testNonEmptyGroupCreation -->
        <test-method status="PASS" signature="tearDown()[pri:0, instance:com.example.tests.GroupCreationTests@4f9b8989]" name="tearDown" is-config="true" duration-ms="169" started-at="2014-01-09T13:37:37Z" finished-at="2014-01-09T13:37:37Z">
          <reporter-output>
          </reporter-output>
        </test-method> <!-- tearDown -->
      </class> <!-- com.example.tests.GroupCreationTests -->
      <class name="com.example.tests.ContactBook">
        <test-method status="PASS" signature="createContact()[pri:0, instance:com.example.tests.ContactBook@40fc801f]" name="createContact" duration-ms="7565" started-at="2014-01-09T13:37:12Z" finished-at="2014-01-09T13:37:20Z">
          <reporter-output>
          </reporter-output>
        </test-method> <!-- createContact -->
        <test-method status="PASS" signature="createEmptyContact()[pri:0, instance:com.example.tests.ContactBook@40fc801f]" name="createEmptyContact" duration-ms="3856" started-at="2014-01-09T13:37:20Z" finished-at="2014-01-09T13:37:23Z">
          <reporter-output>
          </reporter-output>
        </test-method> <!-- createEmptyContact -->
      </class> <!-- com.example.tests.ContactBook -->
    </test> <!-- Default test -->
  </suite> <!-- Default suite -->
</testng-results>
