<?xml version="1.0" encoding="UTF-8"?>
<testng-results skipped="0" failed="0" total="4" passed="4">
  <reporter-output>
  </reporter-output>
  <suite name="Default suite" duration-ms="38953" started-at="2014-01-09T09:03:10Z" finished-at="2014-01-09T09:03:49Z">
    <groups>
    </groups>
    <test name="Default test" duration-ms="38953" started-at="2014-01-09T09:03:10Z" finished-at="2014-01-09T09:03:49Z">
      <class name="com.example.tests.GroupCreationTests">
        <test-method status="PASS" signature="testEmptyGroupCreation()[pri:0, instance:com.example.tests.GroupCreationTests@52954621]" name="testEmptyGroupCreation" duration-ms="6632" started-at="2014-01-09T13:03:35Z" finished-at="2014-01-09T13:03:42Z">
          <reporter-output>
          </reporter-output>
        </test-method> <!-- testEmptyGroupCreation -->
        <test-method status="PASS" signature="testNonEmptyGroupCreation()[pri:0, instance:com.example.tests.GroupCreationTests@52954621]" name="testNonEmptyGroupCreation" duration-ms="6618" started-at="2014-01-09T13:03:42Z" finished-at="2014-01-09T13:03:49Z">
          <reporter-output>
          </reporter-output>
        </test-method> <!-- testNonEmptyGroupCreation -->
      </class> <!-- com.example.tests.GroupCreationTests -->
      <class name="com.example.tests.ContactBook">
        <test-method status="PASS" signature="createContact()[pri:0, instance:com.example.tests.ContactBook@ba41381]" name="createContact" duration-ms="7683" started-at="2014-01-09T13:03:24Z" finished-at="2014-01-09T13:03:31Z">
          <reporter-output>
          </reporter-output>
        </test-method> <!-- createContact -->
        <test-method status="PASS" signature="createEmptyContact()[pri:0, instance:com.example.tests.ContactBook@ba41381]" name="createEmptyContact" duration-ms="3816" started-at="2014-01-09T13:03:31Z" finished-at="2014-01-09T13:03:35Z">
          <reporter-output>
          </reporter-output>
        </test-method> <!-- createEmptyContact -->
      </class> <!-- com.example.tests.ContactBook -->
      <class name="com.example.tests.TestBase">
        <test-method status="PASS" signature="setUp()[pri:0, instance:com.example.tests.TestBase@998c805]" name="setUp" is-config="true" duration-ms="14016" started-at="2014-01-09T13:03:10Z" finished-at="2014-01-09T13:03:24Z">
          <reporter-output>
          </reporter-output>
        </test-method> <!-- setUp -->
        <test-method status="PASS" signature="tearDown()[pri:0, instance:com.example.tests.TestBase@998c805]" name="tearDown" is-config="true" duration-ms="169" started-at="2014-01-09T13:03:49Z" finished-at="2014-01-09T13:03:49Z">
          <reporter-output>
          </reporter-output>
        </test-method> <!-- tearDown -->
      </class> <!-- com.example.tests.TestBase -->
    </test> <!-- Default test -->
  </suite> <!-- Default suite -->
</testng-results>
