<?xml version="1.0" encoding="UTF-8"?>
<!-- Generated by org.testng.reporters.JUnitXMLReporter -->
<testsuite hostname="nw085" name="Default test" tests="4" failures="0" timestamp="9 Jan 2014 09:37:37 GMT" time="37.444" errors="0">
  <testcase name="createContact" time="7.565" classname="com.example.tests.ContactBook"/>
  <testcase name="createEmptyContact" time="3.856" classname="com.example.tests.ContactBook"/>
  <testcase name="testEmptyGroupCreation" time="6.483" classname="com.example.tests.GroupCreationTests"/>
  <testcase name="testNonEmptyGroupCreation" time="6.698" classname="com.example.tests.GroupCreationTests"/>
</testsuite> <!-- Default test -->
