<?xml version="1.0" encoding="UTF-8"?>
<!-- Generated by org.testng.reporters.JUnitXMLReporter -->
<testsuite hostname="nw085" name="Default test" tests="4" failures="0" timestamp="17 Dec 2013 15:20:11 GMT" time="37.144" errors="0">
  <testcase name="createContact" time="7.668" classname="com.example.tests.ContactBook"/>
  <testcase name="createEmptyContact" time="3.733" classname="com.example.tests.ContactBook"/>
  <testcase name="testEmptyGroupCreation" time="6.727" classname="com.example.tests.GroupCreationTests"/>
  <testcase name="testNonEmptyGroupCreation" time="6.672" classname="com.example.tests.GroupCreationTests"/>
</testsuite> <!-- Default test -->
