<?xml version="1.0" encoding="UTF-8"?>
<!-- Generated by org.testng.reporters.JUnitXMLReporter -->
<testsuite hostname="nw085" name="Default test" tests="4" failures="0" timestamp="9 Jan 2014 09:03:49 GMT" time="38.953" errors="0">
  <testcase name="createContact" time="7.683" classname="com.example.tests.ContactBook"/>
  <testcase name="createEmptyContact" time="3.816" classname="com.example.tests.ContactBook"/>
  <testcase name="testEmptyGroupCreation" time="6.632" classname="com.example.tests.GroupCreationTests"/>
  <testcase name="testNonEmptyGroupCreation" time="6.618" classname="com.example.tests.GroupCreationTests"/>
</testsuite> <!-- Default test -->
